{cslinux1:~/AdvanceOS/Client} ./inst/runClient
Ready to take request
-->R 0 0
Msg Received: Code:5, Id:0, sizeofMsg:14
Success(ServerNo:0)
Value:X
-->R 0 7
Msg Received: Code:5, Id:7, sizeofMsg:14
Success(ServerNo:7)
Value:X
-->U 0 R0C0U1 0
Msg Received: Code:5, Id:0, sizeofMsg:13
Success(ServerNo:0)
-->U 0 R0C0U2 4
Msg Received: Code:5, Id:4, sizeofMsg:13
Success(ServerNo:4)
-->U 0 R1C0U1 0
Msg Received: Code:5, Id:0, sizeofMsg:13
Success(ServerNo:0)
-->U 0 R1C0U2 3
Msg Received: Code:5, Id:3, sizeofMsg:13
Success(ServerNo:3)
-->U 0 R1C1U0 4
Msg Received: Code:5, Id:4, sizeofMsg:13
Fail
-->U 0 R0C0U0 0
Msg Received: Code:5, Id:0, sizeofMsg:13
Fail
-->U 0 R2C1U0 1
Msg Received: Code:5, Id:1, sizeofMsg:13
Success(ServerNo:1)
-->U 0 R2C1U1 3
Msg Received: Code:5, Id:3, sizeofMsg:13
Success(ServerNo:3)
-->U 0 R2C2U0 4
Msg Received: Code:5, Id:4, sizeofMsg:13
Fail
-->U 0 R3C0U0 1
Msg Received: Code:5, Id:1, sizeofMsg:13
Success(ServerNo:1)
-->U 0 R3C0U1 5
Msg Received: Code:5, Id:5, sizeofMsg:13
Success(ServerNo:5)
-->^C
