
{dc07:~/AdvanceOS/Server} ./inst/runServer 6 8 10.176.66.51:1024 10.176.66.57  2> server6ErrLog
Ready To Take Requests From Client
-->Key:0 Val:R0C0U1
RU:8
Version:2
DS:0
Key:0 Val:R0C0U2
RU:8
Version:3
DS:0

Server Command Prompt: Use this to break/enable links(eg. break 4)
-->
Could not understand Command
Server Command Prompt: Use this to break/enable links(eg. break 4)
-->break 0 1 2 3
Server Command Prompt: Use this to break/enable links(eg. break 4)
-->break 7
Server Command Prompt: Use this to break/enable links(eg. break 4)
-->
Could not understand Command
Server Command Prompt: Use this to break/enable links(eg. break 4)
-->enable 1 2 3
Server Command Prompt: Use this to break/enable links(eg. break 4)
-->Key:0 Val:R3C0U0
RU:6
Version:8
DS:1

Could not understand Command
Server Command Prompt: Use this to break/enable links(eg. break 4)
-->Key:0 Val:R3C0U1
RU:6
Version:9
DS:1

