{dc05:~/AdvanceOS/Server} ./inst/runServer 4 8 10.176.66.51:1024 10.176.66.55  2> server4ErrLog
Ready To Take Requests From Client
-->Key:0 Val:R0C0U1
RU:8
Version:2
DS:0
Key:0 Val:R0C0U2
RU:8
Version:3
DS:0

Server Command Prompt: Use this to break/enable links(eg. break 4)
-->break 0 1 2 3
Server Command Prompt: Use this to break/enable links(eg. break 4)
-->
Could not understand Command
Server Command Prompt: Use this to break/enable links(eg. break 4)
-->Key:0 Val:R0C0U2
Server No:6
RU:8
Version:3
DS:0

Server No:7
RU:8
Version:3
DS:0

Server No:5
RU:8
Version:3
DS:0

Server No:4
RU:8
Version:3
DS:0


Could not understand Command
Server Command Prompt: Use this to break/enable links(eg. break 4)
-->break 7
Server Command Prompt: Use this to break/enable links(eg. break 4)
-->Key:0 Val:R0C0U2
Server No:6
RU:8
Version:3
DS:0

Server No:5
RU:8
Version:3
DS:0

Server No:4
RU:8
Version:3
DS:0


Could not understand Command
Server Command Prompt: Use this to break/enable links(eg. break 4)
-->
Could not understand Command
Server Command Prompt: Use this to break/enable links(eg. break 4)
-->enable 1 2 3
Server Command Prompt: Use this to break/enable links(eg. break 4)
-->Key:0 Val:R3C0U0
RU:6
Version:8
DS:1

Could not understand Command
Server Command Prompt: Use this to break/enable links(eg. break 4)
-->Key:0 Val:R3C0U1
RU:6
Version:9
DS:1

